[debug] [2026-05-29T16:16:33.189Z] ----------------------------------------------------------------------
[debug] [2026-05-29T16:16:33.190Z] Command:       /opt/homebrew/Cellar/node/26.0.0/bin/node /opt/homebrew/bin/firebase deploy --only functions
[debug] [2026-05-29T16:16:33.191Z] CLI Version:   15.19.0
[debug] [2026-05-29T16:16:33.191Z] Platform:      darwin
[debug] [2026-05-29T16:16:33.191Z] Node Version:  v26.0.0
[debug] [2026-05-29T16:16:33.191Z] Time:          Fri May 29 2026 11:16:33 GMT-0500 (Central Daylight Time)
[debug] [2026-05-29T16:16:33.191Z] ----------------------------------------------------------------------
[debug] 
[debug] [2026-05-29T16:16:33.634Z] > command requires scopes: ["email","openid","https://www.googleapis.com/auth/cloudplatformprojects.readonly","https://www.googleapis.com/auth/firebase","https://www.googleapis.com/auth/cloud-platform"]
[debug] [2026-05-29T16:16:33.634Z] > authorizing via signed-in user (burhantoprakman@gmail.com)
[debug] [2026-05-29T16:16:33.634Z] [iam] checking project wednow-5192d for permissions ["cloudfunctions.functions.create","cloudfunctions.functions.delete","cloudfunctions.functions.get","cloudfunctions.functions.list","cloudfunctions.functions.update","cloudfunctions.operations.get","firebase.projects.get"]
[debug] [2026-05-29T16:16:33.635Z] Checked if tokens are valid: true, expires at: 1780074983014
[debug] [2026-05-29T16:16:33.635Z] Checked if tokens are valid: true, expires at: 1780074983014
[debug] [2026-05-29T16:16:33.635Z] >>> [apiv2][query] POST https://cloudresourcemanager.googleapis.com/v1/projects/wednow-5192d:testIamPermissions [none]
[debug] [2026-05-29T16:16:33.635Z] >>> [apiv2][(partial)header] POST https://cloudresourcemanager.googleapis.com/v1/projects/wednow-5192d:testIamPermissions  x-goog-user-project=wednow-5192d
[debug] [2026-05-29T16:16:33.635Z] >>> [apiv2][body] POST https://cloudresourcemanager.googleapis.com/v1/projects/wednow-5192d:testIamPermissions {"permissions":["cloudfunctions.functions.create","cloudfunctions.functions.delete","cloudfunctions.functions.get","cloudfunctions.functions.list","cloudfunctions.functions.update","cloudfunctions.operations.get","firebase.projects.get"]}
[debug] [2026-05-29T16:16:33.756Z] <<< [apiv2][status] POST https://cloudresourcemanager.googleapis.com/v1/projects/wednow-5192d:testIamPermissions 200
[debug] [2026-05-29T16:16:33.756Z] <<< [apiv2][body] POST https://cloudresourcemanager.googleapis.com/v1/projects/wednow-5192d:testIamPermissions {"permissions":["cloudfunctions.functions.create","cloudfunctions.functions.delete","cloudfunctions.functions.get","cloudfunctions.functions.list","cloudfunctions.functions.update","cloudfunctions.operations.get","firebase.projects.get"]}
[debug] [2026-05-29T16:16:33.756Z] Checked if tokens are valid: true, expires at: 1780074983014
[debug] [2026-05-29T16:16:33.756Z] Checked if tokens are valid: true, expires at: 1780074983014
[debug] [2026-05-29T16:16:33.756Z] >>> [apiv2][query] POST https://iam.googleapis.com/v1/projects/wednow-5192d/serviceAccounts/wednow-5192d@appspot.gserviceaccount.com:testIamPermissions [none]
[debug] [2026-05-29T16:16:33.756Z] >>> [apiv2][body] POST https://iam.googleapis.com/v1/projects/wednow-5192d/serviceAccounts/wednow-5192d@appspot.gserviceaccount.com:testIamPermissions {"permissions":["iam.serviceAccounts.actAs"]}
[debug] [2026-05-29T16:16:33.922Z] <<< [apiv2][status] POST https://iam.googleapis.com/v1/projects/wednow-5192d/serviceAccounts/wednow-5192d@appspot.gserviceaccount.com:testIamPermissions 404
[debug] [2026-05-29T16:16:33.922Z] <<< [apiv2][body] POST https://iam.googleapis.com/v1/projects/wednow-5192d/serviceAccounts/wednow-5192d@appspot.gserviceaccount.com:testIamPermissions {"error":{"code":404,"message":"Unknown service account","status":"NOT_FOUND"}}
[debug] [2026-05-29T16:16:33.923Z] [functions] service account IAM check errored, deploy may fail: Request to https://iam.googleapis.com/v1/projects/wednow-5192d/serviceAccounts/wednow-5192d@appspot.gserviceaccount.com:testIamPermissions had HTTP Error: 404, Unknown service account {"name":"FirebaseError","children":[],"context":{"body":{"error":{"code":404,"message":"Unknown service account","status":"NOT_FOUND"}},"response":{"statusCode":404}},"exit":1,"message":"Request to https://iam.googleapis.com/v1/projects/wednow-5192d/serviceAccounts/wednow-5192d@appspot.gserviceaccount.com:testIamPermissions had HTTP Error: 404, Unknown service account","status":404}
[info] 
[info] === Deploying to 'wednow-5192d'...
[info] 
[info] i  deploying functions 
[info] Running command: npm --prefix "$RESOURCE_DIR" run build
[info] ✔  functions: Finished running predeploy script. 
[debug] [2026-05-29T16:16:35.352Z] Checked if tokens are valid: true, expires at: 1780074983014
[debug] [2026-05-29T16:16:35.352Z] Checked if tokens are valid: true, expires at: 1780074983014
[debug] [2026-05-29T16:16:35.352Z] >>> [apiv2][query] GET https://serviceusage.googleapis.com/v1/projects/wednow-5192d/services/cloudresourcemanager.googleapis.com [none]
[debug] [2026-05-29T16:16:35.352Z] >>> [apiv2][(partial)header] GET https://serviceusage.googleapis.com/v1/projects/wednow-5192d/services/cloudresourcemanager.googleapis.com  x-goog-user-project=wednow-5192d
[debug] [2026-05-29T16:16:35.740Z] <<< [apiv2][status] GET https://serviceusage.googleapis.com/v1/projects/wednow-5192d/services/cloudresourcemanager.googleapis.com 200
[debug] [2026-05-29T16:16:35.740Z] <<< [apiv2][body] GET https://serviceusage.googleapis.com/v1/projects/wednow-5192d/services/cloudresourcemanager.googleapis.com [omitted]
[debug] [2026-05-29T16:16:35.747Z] Checked if tokens are valid: true, expires at: 1780074983014
[debug] [2026-05-29T16:16:35.747Z] Checked if tokens are valid: true, expires at: 1780074983014
[debug] [2026-05-29T16:16:35.747Z] >>> [apiv2][query] GET https://cloudresourcemanager.googleapis.com/v1/projects/wednow-5192d [none]
[debug] [2026-05-29T16:16:35.809Z] <<< [apiv2][status] GET https://cloudresourcemanager.googleapis.com/v1/projects/wednow-5192d 200
[debug] [2026-05-29T16:16:35.810Z] <<< [apiv2][body] GET https://cloudresourcemanager.googleapis.com/v1/projects/wednow-5192d {"projectNumber":"385203742580","projectId":"wednow-5192d","lifecycleState":"ACTIVE","name":"wednow","labels":{"firebase":"enabled","firebase-core":"disabled"},"createTime":"2026-05-24T20:23:35.273Z"}
[info] i  functions: preparing codebase default for deployment 
[info] i  functions: ensuring required API cloudfunctions.googleapis.com is enabled... 
[debug] [2026-05-29T16:16:35.812Z] Checked if tokens are valid: true, expires at: 1780074983014
[debug] [2026-05-29T16:16:35.812Z] Checked if tokens are valid: true, expires at: 1780074983014
[debug] [2026-05-29T16:16:35.812Z] Checked if tokens are valid: true, expires at: 1780074983014
[debug] [2026-05-29T16:16:35.812Z] Checked if tokens are valid: true, expires at: 1780074983014
[info] i  functions: ensuring required API cloudbuild.googleapis.com is enabled... 
[debug] [2026-05-29T16:16:35.813Z] Checked if tokens are valid: true, expires at: 1780074983014
[debug] [2026-05-29T16:16:35.813Z] Checked if tokens are valid: true, expires at: 1780074983014
[info] i  artifactregistry: ensuring required API artifactregistry.googleapis.com is enabled... 
[debug] [2026-05-29T16:16:35.813Z] Checked if tokens are valid: true, expires at: 1780074983014
[debug] [2026-05-29T16:16:35.813Z] Checked if tokens are valid: true, expires at: 1780074983014
[debug] [2026-05-29T16:16:35.813Z] >>> [apiv2][query] GET https://serviceusage.googleapis.com/v1/projects/wednow-5192d/services/cloudfunctions.googleapis.com [none]
[debug] [2026-05-29T16:16:35.813Z] >>> [apiv2][(partial)header] GET https://serviceusage.googleapis.com/v1/projects/wednow-5192d/services/cloudfunctions.googleapis.com  x-goog-user-project=wednow-5192d
[debug] [2026-05-29T16:16:35.813Z] >>> [apiv2][query] GET https://serviceusage.googleapis.com/v1/projects/wednow-5192d/services/runtimeconfig.googleapis.com [none]
[debug] [2026-05-29T16:16:35.813Z] >>> [apiv2][(partial)header] GET https://serviceusage.googleapis.com/v1/projects/wednow-5192d/services/runtimeconfig.googleapis.com  x-goog-user-project=wednow-5192d
[debug] [2026-05-29T16:16:35.815Z] >>> [apiv2][query] GET https://serviceusage.googleapis.com/v1/projects/wednow-5192d/services/cloudbuild.googleapis.com [none]
[debug] [2026-05-29T16:16:35.815Z] >>> [apiv2][(partial)header] GET https://serviceusage.googleapis.com/v1/projects/wednow-5192d/services/cloudbuild.googleapis.com  x-goog-user-project=wednow-5192d
[debug] [2026-05-29T16:16:35.816Z] >>> [apiv2][query] GET https://serviceusage.googleapis.com/v1/projects/wednow-5192d/services/artifactregistry.googleapis.com [none]
[debug] [2026-05-29T16:16:35.816Z] >>> [apiv2][(partial)header] GET https://serviceusage.googleapis.com/v1/projects/wednow-5192d/services/artifactregistry.googleapis.com  x-goog-user-project=wednow-5192d
[debug] [2026-05-29T16:16:35.996Z] <<< [apiv2][status] GET https://serviceusage.googleapis.com/v1/projects/wednow-5192d/services/cloudfunctions.googleapis.com 200
[debug] [2026-05-29T16:16:35.996Z] <<< [apiv2][body] GET https://serviceusage.googleapis.com/v1/projects/wednow-5192d/services/cloudfunctions.googleapis.com [omitted]
[warn] ⚠  functions: missing required API cloudfunctions.googleapis.com. Enabling now... 
[debug] [2026-05-29T16:16:35.997Z] Checked if tokens are valid: true, expires at: 1780074983014
[debug] [2026-05-29T16:16:35.997Z] Checked if tokens are valid: true, expires at: 1780074983014
[debug] [2026-05-29T16:16:35.997Z] >>> [apiv2][query] POST https://serviceusage.googleapis.com/v1/projects/wednow-5192d/services/cloudfunctions.googleapis.com:enable [none]
[debug] [2026-05-29T16:16:35.997Z] >>> [apiv2][(partial)header] POST https://serviceusage.googleapis.com/v1/projects/wednow-5192d/services/cloudfunctions.googleapis.com:enable  x-goog-user-project=wednow-5192d
[debug] [2026-05-29T16:16:36.059Z] <<< [apiv2][status] GET https://serviceusage.googleapis.com/v1/projects/wednow-5192d/services/runtimeconfig.googleapis.com 200
[debug] [2026-05-29T16:16:36.059Z] <<< [apiv2][body] GET https://serviceusage.googleapis.com/v1/projects/wednow-5192d/services/runtimeconfig.googleapis.com [omitted]
[debug] [2026-05-29T16:16:36.066Z] <<< [apiv2][status] GET https://serviceusage.googleapis.com/v1/projects/wednow-5192d/services/artifactregistry.googleapis.com 200
[debug] [2026-05-29T16:16:36.066Z] <<< [apiv2][body] GET https://serviceusage.googleapis.com/v1/projects/wednow-5192d/services/artifactregistry.googleapis.com [omitted]
[warn] ⚠  artifactregistry: missing required API artifactregistry.googleapis.com. Enabling now... 
[debug] [2026-05-29T16:16:36.066Z] Checked if tokens are valid: true, expires at: 1780074983014
[debug] [2026-05-29T16:16:36.066Z] Checked if tokens are valid: true, expires at: 1780074983014
[debug] [2026-05-29T16:16:36.066Z] >>> [apiv2][query] POST https://serviceusage.googleapis.com/v1/projects/wednow-5192d/services/artifactregistry.googleapis.com:enable [none]
[debug] [2026-05-29T16:16:36.066Z] >>> [apiv2][(partial)header] POST https://serviceusage.googleapis.com/v1/projects/wednow-5192d/services/artifactregistry.googleapis.com:enable  x-goog-user-project=wednow-5192d
[debug] [2026-05-29T16:16:36.105Z] <<< [apiv2][status] GET https://serviceusage.googleapis.com/v1/projects/wednow-5192d/services/cloudbuild.googleapis.com 200
[debug] [2026-05-29T16:16:36.105Z] <<< [apiv2][body] GET https://serviceusage.googleapis.com/v1/projects/wednow-5192d/services/cloudbuild.googleapis.com [omitted]
[warn] ⚠  functions: missing required API cloudbuild.googleapis.com. Enabling now... 
[debug] [2026-05-29T16:16:36.106Z] Checked if tokens are valid: true, expires at: 1780074983014
[debug] [2026-05-29T16:16:36.106Z] Checked if tokens are valid: true, expires at: 1780074983014
[debug] [2026-05-29T16:16:36.106Z] >>> [apiv2][query] POST https://serviceusage.googleapis.com/v1/projects/wednow-5192d/services/cloudbuild.googleapis.com:enable [none]
[debug] [2026-05-29T16:16:36.106Z] >>> [apiv2][(partial)header] POST https://serviceusage.googleapis.com/v1/projects/wednow-5192d/services/cloudbuild.googleapis.com:enable  x-goog-user-project=wednow-5192d
[debug] [2026-05-29T16:16:36.457Z] <<< [apiv2][status] POST https://serviceusage.googleapis.com/v1/projects/wednow-5192d/services/cloudfunctions.googleapis.com:enable 200
[debug] [2026-05-29T16:16:36.457Z] <<< [apiv2][body] POST https://serviceusage.googleapis.com/v1/projects/wednow-5192d/services/cloudfunctions.googleapis.com:enable [omitted]
[debug] [2026-05-29T16:16:36.463Z] <<< [apiv2][status] POST https://serviceusage.googleapis.com/v1/projects/wednow-5192d/services/cloudbuild.googleapis.com:enable 200
[debug] [2026-05-29T16:16:36.463Z] <<< [apiv2][body] POST https://serviceusage.googleapis.com/v1/projects/wednow-5192d/services/cloudbuild.googleapis.com:enable [omitted]
[debug] [2026-05-29T16:16:36.467Z] <<< [apiv2][status] POST https://serviceusage.googleapis.com/v1/projects/wednow-5192d/services/artifactregistry.googleapis.com:enable 200
[debug] [2026-05-29T16:16:36.467Z] <<< [apiv2][body] POST https://serviceusage.googleapis.com/v1/projects/wednow-5192d/services/artifactregistry.googleapis.com:enable [omitted]
[debug] [2026-05-29T16:16:46.473Z] Checked if tokens are valid: true, expires at: 1780074983014
[debug] [2026-05-29T16:16:46.473Z] Checked if tokens are valid: true, expires at: 1780074983014
[debug] [2026-05-29T16:16:46.473Z] >>> [apiv2][query] GET https://firebase.googleapis.com/v1beta1/projects/wednow-5192d/adminSdkConfig [none]
[debug] [2026-05-29T16:16:46.729Z] <<< [apiv2][status] GET https://firebase.googleapis.com/v1beta1/projects/wednow-5192d/adminSdkConfig 200
[debug] [2026-05-29T16:16:46.729Z] <<< [apiv2][body] GET https://firebase.googleapis.com/v1beta1/projects/wednow-5192d/adminSdkConfig {"projectId":"wednow-5192d","storageBucket":"wednow-5192d.firebasestorage.app"}
[debug] [2026-05-29T16:16:46.729Z] Checked if tokens are valid: true, expires at: 1780074983014
[debug] [2026-05-29T16:16:46.729Z] Checked if tokens are valid: true, expires at: 1780074983014
[debug] [2026-05-29T16:16:46.729Z] >>> [apiv2][query] GET https://runtimeconfig.googleapis.com/v1beta1/projects/wednow-5192d/configs [none]
[debug] [2026-05-29T16:16:46.902Z] <<< [apiv2][status] GET https://runtimeconfig.googleapis.com/v1beta1/projects/wednow-5192d/configs 200
[debug] [2026-05-29T16:16:46.902Z] <<< [apiv2][body] GET https://runtimeconfig.googleapis.com/v1beta1/projects/wednow-5192d/configs {}
[debug] [2026-05-29T16:16:46.904Z] Validating nodejs source
[warn] ⚠  functions: Runtime Node.js 20 was deprecated on 2026-04-30 and will be decommissioned on 2026-10-30, after which you will not be able to deploy without upgrading. Consider upgrading now to avoid disruption. See https://cloud.google.com/functions/docs/runtime-support for full details on the lifecycle policy 
[warn] ⚠  functions: package.json indicates an outdated version of firebase-functions. Please upgrade using npm install --save firebase-functions@latest in your functions directory. 
[warn] ⚠  functions: Please note that there will be breaking changes when you upgrade. 
[debug] [2026-05-29T16:16:47.228Z] > [functions] package.json contents: {
  "name": "wednow-functions",
  "description": "WedNow Firebase Cloud Functions — push notification delivery",
  "scripts": {
    "lint": "eslint --ext .js,.ts .",
    "build": "tsc",
    "build:watch": "tsc --watch",
    "serve": "npm run build && firebase emulators:start --only functions",
    "shell": "npm run build && firebase functions:shell",
    "start": "npm run shell",
    "deploy": "firebase deploy --only functions",
    "logs": "firebase functions:log"
  },
  "engines": {
    "node": "20"
  },
  "main": "lib/index.js",
  "dependencies": {
    "firebase-admin": "^12.1.0",
    "firebase-functions": "^4.9.0"
  },
  "devDependencies": {
    "@types/node": "^20.14.0",
    "eslint": "^8.57.0",
    "typescript": "^5.5.0"
  },
  "private": true
}
[debug] [2026-05-29T16:16:47.228Z] Building nodejs source
[info] i  functions: Loading and analyzing source code for codebase default to determine what to deploy 
[info] i  functions: You are using a version of firebase-functions SDK (4.9.0) that does not have support for the newest Firebase Extensions features. Please update firebase-functions SDK to >=5.1.0 to use them correctly 
[debug] [2026-05-29T16:16:47.228Z] Could not find functions.yaml. Must use http discovery
[debug] [2026-05-29T16:16:47.231Z] Found firebase-functions binary at '/Users/burhantoprakman/AndroidStudioProjects/WedNow/functions/node_modules/.bin/firebase-functions'
[info] Serving at port 8606

[debug] [2026-05-29T16:16:47.555Z] Got response from /__/functions.yaml {"endpoints":{"onNotificationCreated":{"platform":"gcfv1","availableMemoryMb":null,"timeoutSeconds":null,"minInstances":null,"maxInstances":null,"ingressSettings":null,"serviceAccountEmail":null,"vpc":null,"eventTrigger":{"eventType":"providers/cloud.firestore/eventTypes/document.create","eventFilters":{"resource":"projects/wednow-5192d/databases/(default)/documents/weddings/{weddingId}/notifications/{notificationId}"},"retry":false},"labels":{},"entryPoint":"onNotificationCreated"}},"specVersion":"v1alpha1","requiredAPIs":[]}
[debug] [2026-05-29T16:16:51.575Z] Checked if tokens are valid: true, expires at: 1780074983014
[debug] [2026-05-29T16:16:51.575Z] Checked if tokens are valid: true, expires at: 1780074983014
[debug] [2026-05-29T16:16:51.575Z] >>> [apiv2][query] GET https://cloudfunctions.googleapis.com/v1/projects/wednow-5192d/locations/-/functions [none]
[debug] [2026-05-29T16:16:52.226Z] <<< [apiv2][status] GET https://cloudfunctions.googleapis.com/v1/projects/wednow-5192d/locations/-/functions 200
[debug] [2026-05-29T16:16:52.226Z] <<< [apiv2][body] GET https://cloudfunctions.googleapis.com/v1/projects/wednow-5192d/locations/-/functions {}
[debug] [2026-05-29T16:16:52.227Z] Checked if tokens are valid: true, expires at: 1780074983014
[debug] [2026-05-29T16:16:52.227Z] Checked if tokens are valid: true, expires at: 1780074983014
[debug] [2026-05-29T16:16:52.228Z] >>> [apiv2][query] GET https://cloudfunctions.googleapis.com/v2/projects/wednow-5192d/locations/-/functions filter=environment%3D%22GEN_2%22
[debug] [2026-05-29T16:16:52.578Z] <<< [apiv2][status] GET https://cloudfunctions.googleapis.com/v2/projects/wednow-5192d/locations/-/functions 200
[debug] [2026-05-29T16:16:52.578Z] <<< [apiv2][body] GET https://cloudfunctions.googleapis.com/v2/projects/wednow-5192d/locations/-/functions {}
[info] i  functions: preparing functions directory for uploading... 
[info] i  functions: packaged /Users/burhantoprakman/AndroidStudioProjects/WedNow/functions (50.96 KB) for uploading 
[debug] [2026-05-29T16:16:52.607Z] Checked if tokens are valid: true, expires at: 1780074983014
[debug] [2026-05-29T16:16:52.607Z] Checked if tokens are valid: true, expires at: 1780074983014
[debug] [2026-05-29T16:16:52.607Z] >>> [apiv2][query] GET https://firestore.googleapis.com/v1/projects/wednow-5192d/databases/(default) [none]
[debug] [2026-05-29T16:16:52.787Z] <<< [apiv2][status] GET https://firestore.googleapis.com/v1/projects/wednow-5192d/databases/(default) 200
[debug] [2026-05-29T16:16:52.788Z] <<< [apiv2][body] GET https://firestore.googleapis.com/v1/projects/wednow-5192d/databases/(default) {"name":"projects/wednow-5192d/databases/(default)","uid":"e660e363-ee98-4c39-a042-fbfc6cb61e60","createTime":"2026-05-24T22:04:44.905480Z","updateTime":"2026-05-24T22:04:44.905480Z","locationId":"nam5","type":"FIRESTORE_NATIVE","concurrencyMode":"PESSIMISTIC","versionRetentionPeriod":"3600s","earliestVersionTime":"2026-05-29T15:16:52.829818Z","appEngineIntegrationMode":"DISABLED","keyPrefix":"s","pointInTimeRecoveryEnablement":"POINT_IN_TIME_RECOVERY_DISABLED","deleteProtectionState":"DELETE_PROTECTION_DISABLED","databaseEdition":"STANDARD","freeTier":true,"realtimeUpdatesMode":"REALTIME_UPDATES_MODE_ENABLED","etag":"IKSX8uHy3pQDMOCaiqv30pQD"}
[debug] [2026-05-29T16:16:52.791Z] Checked if tokens are valid: true, expires at: 1780074983014
[debug] [2026-05-29T16:16:52.791Z] Checked if tokens are valid: true, expires at: 1780074983014
[debug] [2026-05-29T16:16:52.791Z] >>> [apiv2][query] GET https://cloudresourcemanager.googleapis.com/v1/projects/wednow-5192d [none]
[debug] [2026-05-29T16:16:52.881Z] <<< [apiv2][status] GET https://cloudresourcemanager.googleapis.com/v1/projects/wednow-5192d 200
[debug] [2026-05-29T16:16:52.881Z] <<< [apiv2][body] GET https://cloudresourcemanager.googleapis.com/v1/projects/wednow-5192d {"projectNumber":"385203742580","projectId":"wednow-5192d","lifecycleState":"ACTIVE","name":"wednow","labels":{"firebase":"enabled","firebase-core":"disabled"},"createTime":"2026-05-24T20:23:35.273Z"}
[debug] [2026-05-29T16:16:52.884Z] Checked if tokens are valid: true, expires at: 1780074983014
[debug] [2026-05-29T16:16:52.884Z] Checked if tokens are valid: true, expires at: 1780074983014
[debug] [2026-05-29T16:16:52.884Z] >>> [apiv2][query] POST https://cloudfunctions.googleapis.com/v1/projects/wednow-5192d/locations/us-central1/functions:generateUploadUrl [none]
[debug] [2026-05-29T16:16:52.884Z] >>> [apiv2][body] POST https://cloudfunctions.googleapis.com/v1/projects/wednow-5192d/locations/us-central1/functions:generateUploadUrl {}
[debug] [2026-05-29T16:17:00.520Z] <<< [apiv2][status] POST https://cloudfunctions.googleapis.com/v1/projects/wednow-5192d/locations/us-central1/functions:generateUploadUrl 200
[debug] [2026-05-29T16:17:00.520Z] <<< [apiv2][body] POST https://cloudfunctions.googleapis.com/v1/projects/wednow-5192d/locations/us-central1/functions:generateUploadUrl {"uploadUrl":"https://storage.googleapis.com/uploads-147307739129.us-central1.cloudfunctions.appspot.com/555c0e1f-a35d-451f-93f0-60d32ae8382e.zip?GoogleAccessId=service-385203742580@gcf-admin-robot.iam.gserviceaccount.com&Expires=1780073220&Signature=aaE4PZ%2FXIFiS9baQ2Pe1%2FePcZj2fogKp9rV24lNVd%2FnF%2FFKjZLPiHbkpUflToDby7aJIQRswkMWK6AU8NFEcvn%2BkGTVZzflnYTDJKRUzSnjldYFCNyAsjO0owYcZ9Gv8UpppDttbceu%2FmJO6qlAmghB4Ru454jilI%2FmuDm3LUPNRuuPhDinQwW5ZKVgE%2FoOpHNYaNGQ%2FrwQbnEQhvluq%2FTrk9vBqAvjD9ThWpDnHbunwaEgkbMisTe5BdPmXJSDl2ADCVs6DSJJNWZZrEkmXLH700gcVboPbgL9LvEdUFX2t35l3iNsbDRT9xIRArS1R49EEaMTsXcUFfb0RqQclkg%3D%3D"}
[debug] [2026-05-29T16:17:00.521Z] >>> [apiv2][query] PUT https://storage.googleapis.com/uploads-147307739129.us-central1.cloudfunctions.appspot.com/555c0e1f-a35d-451f-93f0-60d32ae8382e.zip GoogleAccessId=service-385203742580%40gcf-admin-robot.iam.gserviceaccount.com&Expires=1780073220&Signature=aaE4PZ%2FXIFiS9baQ2Pe1%2FePcZj2fogKp9rV24lNVd%2FnF%2FFKjZLPiHbkpUflToDby7aJIQRswkMWK6AU8NFEcvn%2BkGTVZzflnYTDJKRUzSnjldYFCNyAsjO0owYcZ9Gv8UpppDttbceu%2FmJO6qlAmghB4Ru454jilI%2FmuDm3LUPNRuuPhDinQwW5ZKVgE%2FoOpHNYaNGQ%2FrwQbnEQhvluq%2FTrk9vBqAvjD9ThWpDnHbunwaEgkbMisTe5BdPmXJSDl2ADCVs6DSJJNWZZrEkmXLH700gcVboPbgL9LvEdUFX2t35l3iNsbDRT9xIRArS1R49EEaMTsXcUFfb0RqQclkg%3D%3D
[debug] [2026-05-29T16:17:00.521Z] >>> [apiv2][body] PUT https://storage.googleapis.com/uploads-147307739129.us-central1.cloudfunctions.appspot.com/555c0e1f-a35d-451f-93f0-60d32ae8382e.zip [stream]
[debug] [2026-05-29T16:17:01.030Z] <<< [apiv2][status] PUT https://storage.googleapis.com/uploads-147307739129.us-central1.cloudfunctions.appspot.com/555c0e1f-a35d-451f-93f0-60d32ae8382e.zip 200
[debug] [2026-05-29T16:17:01.030Z] <<< [apiv2][body] PUT https://storage.googleapis.com/uploads-147307739129.us-central1.cloudfunctions.appspot.com/555c0e1f-a35d-451f-93f0-60d32ae8382e.zip [omitted]
[info] ✔  functions: functions source uploaded successfully 
[info] i  functions: creating Node.js 20 (1st Gen) function onNotificationCreated(us-central1)... 
[debug] [2026-05-29T16:17:01.036Z] Checked if tokens are valid: true, expires at: 1780074983014
[debug] [2026-05-29T16:17:01.036Z] Checked if tokens are valid: true, expires at: 1780074983014
[debug] [2026-05-29T16:17:01.036Z] >>> [apiv2][query] POST https://cloudfunctions.googleapis.com/v1/projects/wednow-5192d/locations/us-central1/functions [none]
[debug] [2026-05-29T16:17:01.036Z] >>> [apiv2][body] POST https://cloudfunctions.googleapis.com/v1/projects/wednow-5192d/locations/us-central1/functions {"name":"projects/wednow-5192d/locations/us-central1/functions/onNotificationCreated","sourceUploadUrl":"https://storage.googleapis.com/uploads-147307739129.us-central1.cloudfunctions.appspot.com/555c0e1f-a35d-451f-93f0-60d32ae8382e.zip?GoogleAccessId=service-385203742580@gcf-admin-robot.iam.gserviceaccount.com&Expires=1780073220&Signature=aaE4PZ%2FXIFiS9baQ2Pe1%2FePcZj2fogKp9rV24lNVd%2FnF%2FFKjZLPiHbkpUflToDby7aJIQRswkMWK6AU8NFEcvn%2BkGTVZzflnYTDJKRUzSnjldYFCNyAsjO0owYcZ9Gv8UpppDttbceu%2FmJO6qlAmghB4Ru454jilI%2FmuDm3LUPNRuuPhDinQwW5ZKVgE%2FoOpHNYaNGQ%2FrwQbnEQhvluq%2FTrk9vBqAvjD9ThWpDnHbunwaEgkbMisTe5BdPmXJSDl2ADCVs6DSJJNWZZrEkmXLH700gcVboPbgL9LvEdUFX2t35l3iNsbDRT9xIRArS1R49EEaMTsXcUFfb0RqQclkg%3D%3D","entryPoint":"onNotificationCreated","runtime":"nodejs20","dockerRegistry":"ARTIFACT_REGISTRY","labels":{"deployment-tool":"cli-firebase","firebase-functions-hash":"0a805fa491ed87ee15eebbe2f786a1fbd49b779a"},"eventTrigger":{"eventType":"providers/cloud.firestore/eventTypes/document.create","resource":"projects/wednow-5192d/databases/(default)/documents/weddings/{weddingId}/notifications/{notificationId}"},"minInstances":null,"maxInstances":null,"ingressSettings":null,"environmentVariables":{"FIREBASE_CONFIG":"{\"projectId\":\"wednow-5192d\",\"storageBucket\":\"wednow-5192d.firebasestorage.app\"}","GCLOUD_PROJECT":"wednow-5192d","EVENTARC_CLOUD_EVENT_SOURCE":"projects/wednow-5192d/locations/us-central1/functions/onNotificationCreated"},"serviceAccountEmail":null,"availableMemoryMb":null,"timeout":null,"vpcConnector":null,"vpcConnectorEgressSettings":null,"buildEnvironmentVariables":{"GOOGLE_NODE_RUN_SCRIPTS":""}}
[debug] [2026-05-29T16:17:01.545Z] <<< [apiv2][status] POST https://cloudfunctions.googleapis.com/v1/projects/wednow-5192d/locations/us-central1/functions 403
[debug] [2026-05-29T16:17:01.545Z] <<< [apiv2][body] POST https://cloudfunctions.googleapis.com/v1/projects/wednow-5192d/locations/us-central1/functions {"error":{"code":403,"message":"Failed to create 1st Gen function projects/wednow-5192d/locations/us-central1/functions/onNotificationCreated: Unable to retrieve the repository metadata for projects/wednow-5192d/locations/us-central1/repositories/gcf-artifacts. Ensure that the Cloud Functions service account has 'artifactregistry.repositories.list' and 'artifactregistry.repositories.get' permissions. You can add the permissions by granting the role 'roles/artifactregistry.reader'.","status":"PERMISSION_DENIED"}}
[warn] ⚠  functions: failed to create function projects/wednow-5192d/locations/us-central1/functions/onNotificationCreated 
[error] Failed to create function projects/wednow-5192d/locations/us-central1/functions/onNotificationCreated
[warn] ⚠  functions: Deploys failed. Skipping deletes. 
[debug] [2026-05-29T16:17:01.551Z] Total Function Deployment time: 512
[debug] [2026-05-29T16:17:01.551Z] 1 Functions Deployed
[debug] [2026-05-29T16:17:01.551Z] 1 Functions Errored
[debug] [2026-05-29T16:17:01.551Z] 0 Function Deployments Aborted
[debug] [2026-05-29T16:17:01.551Z] Average Function Deployment time: 511
[info] 
[info] Functions deploy had errors with the following functions:
	onNotificationCreated(us-central1)
[debug] [2026-05-29T16:17:01.616Z] Checked if tokens are valid: true, expires at: 1780074983014
[debug] [2026-05-29T16:17:01.617Z] Checked if tokens are valid: true, expires at: 1780074983014
[debug] [2026-05-29T16:17:01.617Z] >>> [apiv2][query] GET https://artifactregistry.googleapis.com/v1/projects/wednow-5192d/locations/us-central1/repositories/gcf-artifacts [none]
[debug] [2026-05-29T16:17:01.813Z] <<< [apiv2][status] GET https://artifactregistry.googleapis.com/v1/projects/wednow-5192d/locations/us-central1/repositories/gcf-artifacts 404
[debug] [2026-05-29T16:17:01.814Z] <<< [apiv2][body] GET https://artifactregistry.googleapis.com/v1/projects/wednow-5192d/locations/us-central1/repositories/gcf-artifacts {"error":{"code":404,"message":"Requested entity was not found.","status":"NOT_FOUND"}}
[debug] [2026-05-29T16:17:01.814Z] Failed to check artifact cleanup policy for region us-central1: Request to https://artifactregistry.googleapis.com/v1/projects/wednow-5192d/locations/us-central1/repositories/gcf-artifacts had HTTP Error: 404, Requested entity was not found. {"name":"FirebaseError","children":[],"context":{"body":{"error":{"code":404,"message":"Requested entity was not found.","status":"NOT_FOUND"}},"response":{"statusCode":404}},"exit":1,"message":"Request to https://artifactregistry.googleapis.com/v1/projects/wednow-5192d/locations/us-central1/repositories/gcf-artifacts had HTTP Error: 404, Requested entity was not found.","status":404}
[debug] [2026-05-29T16:17:01.815Z] Functions deploy failed.
[debug] [2026-05-29T16:17:01.815Z] {
  "endpoint": {
    "id": "onNotificationCreated",
    "project": "wednow-5192d",
    "region": "us-central1",
    "entryPoint": "onNotificationCreated",
    "platform": "gcfv1",
    "runtime": "nodejs20",
    "eventTrigger": {
      "eventType": "providers/cloud.firestore/eventTypes/document.create",
      "retry": false,
      "eventFilters": {
        "resource": "projects/wednow-5192d/databases/(default)/documents/weddings/{weddingId}/notifications/{notificationId}"
      }
    },
    "labels": {
      "deployment-tool": "cli-firebase"
    },
    "serviceAccount": null,
    "ingressSettings": null,
    "availableMemoryMb": null,
    "timeoutSeconds": null,
    "maxInstances": null,
    "minInstances": null,
    "vpc": null,
    "environmentVariables": {
      "FIREBASE_CONFIG": "{\"projectId\":\"wednow-5192d\",\"storageBucket\":\"wednow-5192d.firebasestorage.app\"}",
      "GCLOUD_PROJECT": "wednow-5192d",
      "EVENTARC_CLOUD_EVENT_SOURCE": "projects/wednow-5192d/locations/us-central1/functions/onNotificationCreated"
    },
    "codebase": "default",
    "targetedByOnly": false,
    "hash": "0a805fa491ed87ee15eebbe2f786a1fbd49b779a"
  },
  "op": "create",
  "original": {
    "name": "FirebaseError",
    "children": [],
    "context": {
      "function": "projects/wednow-5192d/locations/us-central1/functions/onNotificationCreated"
    },
    "exit": 1,
    "message": "Failed to create function projects/wednow-5192d/locations/us-central1/functions/onNotificationCreated",
    "original": {
      "name": "FirebaseError",
      "children": [],
      "context": {
        "body": {
          "error": {
            "code": 403,
            "message": "Failed to create 1st Gen function projects/wednow-5192d/locations/us-central1/functions/onNotificationCreated: Unable to retrieve the repository metadata for projects/wednow-5192d/locations/us-central1/repositories/gcf-artifacts. Ensure that the Cloud Functions service account has 'artifactregistry.repositories.list' and 'artifactregistry.repositories.get' permissions. You can add the permissions by granting the role 'roles/artifactregistry.reader'.",
            "status": "PERMISSION_DENIED"
          }
        },
        "response": {
          "statusCode": 403
        }
      },
      "exit": 1,
      "message": "Request to https://cloudfunctions.googleapis.com/v1/projects/wednow-5192d/locations/us-central1/functions had HTTP Error: 403, Failed to create 1st Gen function projects/wednow-5192d/locations/us-central1/functions/onNotificationCreated: Unable to retrieve the repository metadata for projects/wednow-5192d/locations/us-central1/repositories/gcf-artifacts. Ensure that the Cloud Functions service account has 'artifactregistry.repositories.list' and 'artifactregistry.repositories.get' permissions. You can add the permissions by granting the role 'roles/artifactregistry.reader'.",
      "status": 403
    },
    "status": 403,
    "code": 403
  }
}
[debug] [2026-05-29T16:17:01.849Z] Error: Failed to create function onNotificationCreated in region us-central1
    at /opt/homebrew/lib/node_modules/firebase-tools/lib/deploy/functions/release/fabricator.js:54:11
    at process.processTicksAndRejections (node:internal/process/task_queues:104:5)
    at async Fabricator.createV1Function (/opt/homebrew/lib/node_modules/firebase-tools/lib/deploy/functions/release/fabricator.js:207:32)
    at async Fabricator.createEndpoint (/opt/homebrew/lib/node_modules/firebase-tools/lib/deploy/functions/release/fabricator.js:150:13)
    at async Fabricator.wrapOperation (/opt/homebrew/lib/node_modules/firebase-tools/lib/deploy/functions/release/fabricator.js:138:13)
    at async Promise.all (index 0)
    at async Promise.allSettled (index 0)
    at async Fabricator.applyPlan (/opt/homebrew/lib/node_modules/firebase-tools/lib/deploy/functions/release/fabricator.js:77:45)
    at async release (/opt/homebrew/lib/node_modules/firebase-tools/lib/deploy/functions/release/index.js:87:21)
    at async chain (/opt/homebrew/lib/node_modules/firebase-tools/lib/deploy/index.js:45:9)
[error] 
[error] Error: There was an error deploying functions
